This is pdfTeX, Version 3.1415926-2.5-1.40.14 (TeX Live 2013/Debian) (format=pdflatex 2015.2.28)  3 JUN 2016 13:20
entering extended mode
 restricted \write18 enabled.
 %&-line parsing enabled.
**1-Nagusia.tex
(./1-Nagusia.tex
LaTeX2e <2011/06/27>
Babel <3.9h> and hyphenation patterns for 78 languages loaded.
(/usr/share/texlive/texmf-dist/tex/latex/base/book.cls
Document Class: book 2007/10/19 v1.4h Standard LaTeX document class
(/usr/share/texlive/texmf-dist/tex/latex/base/bk12.clo
File: bk12.clo 2007/10/19 v1.4h Standard LaTeX file (size option)
)
\c@part=\count79
\c@chapter=\count80
\c@section=\count81
\c@subsection=\count82
\c@subsubsection=\count83
\c@paragraph=\count84
\c@subparagraph=\count85
\c@figure=\count86
\c@table=\count87
\abovecaptionskip=\skip41
\belowcaptionskip=\skip42
\bibindent=\dimen102
)
(/usr/share/texlive/texmf-dist/tex/latex/base/inputenc.sty
Package: inputenc 2008/03/30 v1.1d Input encoding file
\inpenc@prehook=\toks14
\inpenc@posthook=\toks15

(/usr/share/texlive/texmf-dist/tex/latex/base/utf8.def
File: utf8.def 2008/04/05 v1.1m UTF-8 support for inputenc
Now handling font encoding OML ...
... no UTF-8 mapping file for font encoding OML
Now handling font encoding T1 ...
... processing UTF-8 mapping file for font encoding T1

(/usr/share/texlive/texmf-dist/tex/latex/base/t1enc.dfu
File: t1enc.dfu 2008/04/05 v1.1m UTF-8 support for inputenc
   defining Unicode char U+00A1 (decimal 161)
   defining Unicode char U+00A3 (decimal 163)
   defining Unicode char U+00AB (decimal 171)
   defining Unicode char U+00BB (decimal 187)
   defining Unicode char U+00BF (decimal 191)
   defining Unicode char U+00C0 (decimal 192)
   defining Unicode char U+00C1 (decimal 193)
   defining Unicode char U+00C2 (decimal 194)
   defining Unicode char U+00C3 (decimal 195)
   defining Unicode char U+00C4 (decimal 196)
   defining Unicode char U+00C5 (decimal 197)
   defining Unicode char U+00C6 (decimal 198)
   defining Unicode char U+00C7 (decimal 199)
   defining Unicode char U+00C8 (decimal 200)
   defining Unicode char U+00C9 (decimal 201)
   defining Unicode char U+00CA (decimal 202)
   defining Unicode char U+00CB (decimal 203)
   defining Unicode char U+00CC (decimal 204)
   defining Unicode char U+00CD (decimal 205)
   defining Unicode char U+00CE (decimal 206)
   defining Unicode char U+00CF (decimal 207)
   defining Unicode char U+00D0 (decimal 208)
   defining Unicode char U+00D1 (decimal 209)
   defining Unicode char U+00D2 (decimal 210)
   defining Unicode char U+00D3 (decimal 211)
   defining Unicode char U+00D4 (decimal 212)
   defining Unicode char U+00D5 (decimal 213)
   defining Unicode char U+00D6 (decimal 214)
   defining Unicode char U+00D8 (decimal 216)
   defining Unicode char U+00D9 (decimal 217)
   defining Unicode char U+00DA (decimal 218)
   defining Unicode char U+00DB (decimal 219)
   defining Unicode char U+00DC (decimal 220)
   defining Unicode char U+00DD (decimal 221)
   defining Unicode char U+00DE (decimal 222)
   defining Unicode char U+00DF (decimal 223)
   defining Unicode char U+00E0 (decimal 224)
   defining Unicode char U+00E1 (decimal 225)
   defining Unicode char U+00E2 (decimal 226)
   defining Unicode char U+00E3 (decimal 227)
   defining Unicode char U+00E4 (decimal 228)
   defining Unicode char U+00E5 (decimal 229)
   defining Unicode char U+00E6 (decimal 230)
   defining Unicode char U+00E7 (decimal 231)
   defining Unicode char U+00E8 (decimal 232)
   defining Unicode char U+00E9 (decimal 233)
   defining Unicode char U+00EA (decimal 234)
   defining Unicode char U+00EB (decimal 235)
   defining Unicode char U+00EC (decimal 236)
   defining Unicode char U+00ED (decimal 237)
   defining Unicode char U+00EE (decimal 238)
   defining Unicode char U+00EF (decimal 239)
   defining Unicode char U+00F0 (decimal 240)
   defining Unicode char U+00F1 (decimal 241)
   defining Unicode char U+00F2 (decimal 242)
   defining Unicode char U+00F3 (decimal 243)
   defining Unicode char U+00F4 (decimal 244)
   defining Unicode char U+00F5 (decimal 245)
   defining Unicode char U+00F6 (decimal 246)
   defining Unicode char U+00F8 (decimal 248)
   defining Unicode char U+00F9 (decimal 249)
   defining Unicode char U+00FA (decimal 250)
   defining Unicode char U+00FB (decimal 251)
   defining Unicode char U+00FC (decimal 252)
   defining Unicode char U+00FD (decimal 253)
   defining Unicode char U+00FE (decimal 254)
   defining Unicode char U+00FF (decimal 255)
   defining Unicode char U+0102 (decimal 258)
   defining Unicode char U+0103 (decimal 259)
   defining Unicode char U+0104 (decimal 260)
   defining Unicode char U+0105 (decimal 261)
   defining Unicode char U+0106 (decimal 262)
   defining Unicode char U+0107 (decimal 263)
   defining Unicode char U+010C (decimal 268)
   defining Unicode char U+010D (decimal 269)
   defining Unicode char U+010E (decimal 270)
   defining Unicode char U+010F (decimal 271)
   defining Unicode char U+0110 (decimal 272)
   defining Unicode char U+0111 (decimal 273)
   defining Unicode char U+0118 (decimal 280)
   defining Unicode char U+0119 (decimal 281)
   defining Unicode char U+011A (decimal 282)
   defining Unicode char U+011B (decimal 283)
   defining Unicode char U+011E (decimal 286)
   defining Unicode char U+011F (decimal 287)
   defining Unicode char U+0130 (decimal 304)
   defining Unicode char U+0131 (decimal 305)
   defining Unicode char U+0132 (decimal 306)
   defining Unicode char U+0133 (decimal 307)
   defining Unicode char U+0139 (decimal 313)
   defining Unicode char U+013A (decimal 314)
   defining Unicode char U+013D (decimal 317)
   defining Unicode char U+013E (decimal 318)
   defining Unicode char U+0141 (decimal 321)
   defining Unicode char U+0142 (decimal 322)
   defining Unicode char U+0143 (decimal 323)
   defining Unicode char U+0144 (decimal 324)
   defining Unicode char U+0147 (decimal 327)
   defining Unicode char U+0148 (decimal 328)
   defining Unicode char U+014A (decimal 330)
   defining Unicode char U+014B (decimal 331)
   defining Unicode char U+0150 (decimal 336)
   defining Unicode char U+0151 (decimal 337)
   defining Unicode char U+0152 (decimal 338)
   defining Unicode char U+0153 (decimal 339)
   defining Unicode char U+0154 (decimal 340)
   defining Unicode char U+0155 (decimal 341)
   defining Unicode char U+0158 (decimal 344)
   defining Unicode char U+0159 (decimal 345)
   defining Unicode char U+015A (decimal 346)
   defining Unicode char U+015B (decimal 347)
   defining Unicode char U+015E (decimal 350)
   defining Unicode char U+015F (decimal 351)
   defining Unicode char U+0160 (decimal 352)
   defining Unicode char U+0161 (decimal 353)
   defining Unicode char U+0162 (decimal 354)
   defining Unicode char U+0163 (decimal 355)
   defining Unicode char U+0164 (decimal 356)
   defining Unicode char U+0165 (decimal 357)
   defining Unicode char U+016E (decimal 366)
   defining Unicode char U+016F (decimal 367)
   defining Unicode char U+0170 (decimal 368)
   defining Unicode char U+0171 (decimal 369)
   defining Unicode char U+0178 (decimal 376)
   defining Unicode char U+0179 (decimal 377)
   defining Unicode char U+017A (decimal 378)
   defining Unicode char U+017B (decimal 379)
   defining Unicode char U+017C (decimal 380)
   defining Unicode char U+017D (decimal 381)
   defining Unicode char U+017E (decimal 382)
   defining Unicode char U+200C (decimal 8204)
   defining Unicode char U+2013 (decimal 8211)
   defining Unicode char U+2014 (decimal 8212)
   defining Unicode char U+2018 (decimal 8216)
   defining Unicode char U+2019 (decimal 8217)
   defining Unicode char U+201A (decimal 8218)
   defining Unicode char U+201C (decimal 8220)
   defining Unicode char U+201D (decimal 8221)
   defining Unicode char U+201E (decimal 8222)
   defining Unicode char U+2030 (decimal 8240)
   defining Unicode char U+2031 (decimal 8241)
   defining Unicode char U+2039 (decimal 8249)
   defining Unicode char U+203A (decimal 8250)
   defining Unicode char U+2423 (decimal 9251)
)
Now handling font encoding OT1 ...
... processing UTF-8 mapping file for font encoding OT1

(/usr/share/texlive/texmf-dist/tex/latex/base/ot1enc.dfu
File: ot1enc.dfu 2008/04/05 v1.1m UTF-8 support for inputenc
   defining Unicode char U+00A1 (decimal 161)
   defining Unicode char U+00A3 (decimal 163)
   defining Unicode char U+00B8 (decimal 184)
   defining Unicode char U+00BF (decimal 191)
   defining Unicode char U+00C5 (decimal 197)
   defining Unicode char U+00C6 (decimal 198)
   defining Unicode char U+00D8 (decimal 216)
   defining Unicode char U+00DF (decimal 223)
   defining Unicode char U+00E6 (decimal 230)
   defining Unicode char U+00EC (decimal 236)
   defining Unicode char U+00ED (decimal 237)
   defining Unicode char U+00EE (decimal 238)
   defining Unicode char U+00EF (decimal 239)
   defining Unicode char U+00F8 (decimal 248)
   defining Unicode char U+0131 (decimal 305)
   defining Unicode char U+0141 (decimal 321)
   defining Unicode char U+0142 (decimal 322)
   defining Unicode char U+0152 (decimal 338)
   defining Unicode char U+0153 (decimal 339)
   defining Unicode char U+2013 (decimal 8211)
   defining Unicode char U+2014 (decimal 8212)
   defining Unicode char U+2018 (decimal 8216)
   defining Unicode char U+2019 (decimal 8217)
   defining Unicode char U+201C (decimal 8220)
   defining Unicode char U+201D (decimal 8221)
)
Now handling font encoding OMS ...
... processing UTF-8 mapping file for font encoding OMS

(/usr/share/texlive/texmf-dist/tex/latex/base/omsenc.dfu
File: omsenc.dfu 2008/04/05 v1.1m UTF-8 support for inputenc
   defining Unicode char U+00A7 (decimal 167)
   defining Unicode char U+00B6 (decimal 182)
   defining Unicode char U+00B7 (decimal 183)
   defining Unicode char U+2020 (decimal 8224)
   defining Unicode char U+2021 (decimal 8225)
   defining Unicode char U+2022 (decimal 8226)
)
Now handling font encoding OMX ...
... no UTF-8 mapping file for font encoding OMX
Now handling font encoding U ...
... no UTF-8 mapping file for font encoding U
   defining Unicode char U+00A9 (decimal 169)
   defining Unicode char U+00AA (decimal 170)
   defining Unicode char U+00AE (decimal 174)
   defining Unicode char U+00BA (decimal 186)
   defining Unicode char U+02C6 (decimal 710)
   defining Unicode char U+02DC (decimal 732)
   defining Unicode char U+200C (decimal 8204)
   defining Unicode char U+2026 (decimal 8230)
   defining Unicode char U+2122 (decimal 8482)
   defining Unicode char U+2423 (decimal 9251)
))
(/usr/share/texlive/texmf-dist/tex/latex/psnfss/times.sty
Package: times 2005/04/12 PSNFSS-v9.2a (SPQR) 
)
(/usr/share/texlive/texmf-dist/tex/generic/babel/babel.sty
Package: babel 2013/12/03 3.9h The Babel package

(/usr/share/texlive/texmf-dist/tex/generic/babel-basque/basque.ldf
Language: basque 2005/03/29 v1.0f Basque support from the babel system

(/usr/share/texlive/texmf-dist/tex/generic/babel/babel.def
File: babel.def 2013/12/03 3.9h Babel common definitions
\babel@savecnt=\count88
\U@D=\dimen103
)
Package babel Info: Making " an active character on input line 85.
Warning: You are using encoding OT1 instead of T1.
Some word breaks will not be found.
)) (./formatoa.tex
\c@teorema=\count89
\c@definizioa=\count90
\c@korolarioa=\count91
)
(/usr/share/texlive/texmf-dist/tex/latex/base/fontenc.sty
Package: fontenc 2005/09/27 v1.99g Standard LaTeX package

(/usr/share/texlive/texmf-dist/tex/latex/base/t1enc.def
File: t1enc.def 2005/09/27 v1.99g Standard LaTeX file
LaTeX Font Info:    Redeclaring font encoding T1 on input line 43.
))
(/usr/share/texlive/texmf-dist/tex/latex/graphics/graphicx.sty
Package: graphicx 1999/02/16 v1.0f Enhanced LaTeX Graphics (DPC,SPQR)

(/usr/share/texlive/texmf-dist/tex/latex/graphics/keyval.sty
Package: keyval 1999/03/16 v1.13 key=value parser (DPC)
\KV@toks@=\toks16
)
(/usr/share/texlive/texmf-dist/tex/latex/graphics/graphics.sty
Package: graphics 2009/02/05 v1.0o Standard LaTeX Graphics (DPC,SPQR)

(/usr/share/texlive/texmf-dist/tex/latex/graphics/trig.sty
Package: trig 1999/03/16 v1.09 sin cos tan (DPC)
)
(/usr/share/texlive/texmf-dist/tex/latex/latexconfig/graphics.cfg
File: graphics.cfg 2010/04/23 v1.9 graphics configuration of TeX Live
)
Package graphics Info: Driver file: pdftex.def on input line 91.

(/usr/share/texlive/texmf-dist/tex/latex/pdftex-def/pdftex.def
File: pdftex.def 2011/05/27 v0.06d Graphics/color for pdfTeX

(/usr/share/texlive/texmf-dist/tex/generic/oberdiek/infwarerr.sty
Package: infwarerr 2010/04/08 v1.3 Providing info/warning/error messages (HO)
)
(/usr/share/texlive/texmf-dist/tex/generic/oberdiek/ltxcmds.sty
Package: ltxcmds 2011/11/09 v1.22 LaTeX kernel commands for general use (HO)
)
\Gread@gobject=\count92
))
\Gin@req@height=\dimen104
\Gin@req@width=\dimen105
)
(/usr/share/texlive/texmf-dist/tex/latex/listings/listings.sty
\lst@mode=\count93
\lst@gtempboxa=\box26
\lst@token=\toks17
\lst@length=\count94
\lst@currlwidth=\dimen106
\lst@column=\count95
\lst@pos=\count96
\lst@lostspace=\dimen107
\lst@width=\dimen108
\lst@newlines=\count97
\lst@lineno=\count98
\lst@maxwidth=\dimen109

(/usr/share/texlive/texmf-dist/tex/latex/listings/lstmisc.sty
File: lstmisc.sty 2013/08/26 1.5b (Carsten Heinz)
\c@lstnumber=\count99
\lst@skipnumbers=\count100
\lst@framebox=\box27
)
(/usr/share/texlive/texmf-dist/tex/latex/listings/listings.cfg
File: listings.cfg 2013/08/26 1.5b listings configuration
))
Package: listings 2013/08/26 1.5b (Carsten Heinz)

(/usr/share/texlive/texmf-dist/tex/latex/algorithm2e/algorithm2e.sty
Package: algorithm2e 2013/01/06 v5.00 algorithms environments
\c@AlgoLine=\count101

(/usr/share/texlive/texmf-dist/tex/latex/base/ifthen.sty
Package: ifthen 2001/05/26 v1.1c Standard LaTeX ifthen package (DPC)
)
(/usr/share/texlive/texmf-dist/tex/latex/tools/xspace.sty
Package: xspace 2009/10/20 v1.13 Space after command names (DPC,MH)
)
(/usr/share/texlive/texmf-dist/tex/latex/relsize/relsize.sty
Package: relsize 2013/03/29 ver 4.1
)
********************************************************
Package `algorithm2e' Release 5.0 -- january 06 2013 --
- algorithm2e-announce@lirmm.fr mailing list for announcement about releases
- algorithm2e-discussion@lirmm.fr mailing list for discussion about package
subscribe by emailing sympa@lirmm.fr with 'subscribe <list> <firstname name>'
- Author: Christophe Fiorio (cfiorio@um2.fr)
********************************************************
\skiptotal=\skip43
\skiplinenumber=\skip44
\skiprule=\skip45
\skiphlne=\skip46
\skiptext=\skip47
\skiplength=\skip48
\algomargin=\skip49
\skipalgocfslide=\skip50
\algowidth=\dimen110
\inoutsize=\dimen111
\inoutindent=\dimen112
\interspacetitleruled=\dimen113
\interspacealgoruled=\dimen114
\interspacetitleboxruled=\dimen115
\algocf@inoutbox=\box28
\algocf@inputbox=\box29
\AlCapSkip=\skip51
\AlCapHSkip=\skip52
\algoskipindent=\skip53
\algocf@nlbox=\box30
\algocf@hangingbox=\box31
\algocf@untilbox=\box32
\algocf@skipuntil=\skip54
\algocf@capbox=\box33
\algoheightruledefault=\skip55
\algoheightrule=\skip56
\algotitleheightruledefault=\skip57
\algotitleheightrule=\skip58
\c@algocfline=\count102
\c@algocfproc=\count103
\c@algocf=\count104
\algocf@algoframe=\box34
\algocf@algobox=\box35
) (/usr/share/texlive/texmf-dist/tex/latex/amsmath/amsmath.sty
Package: amsmath 2013/01/14 v2.14 AMS math features
\@mathmargin=\skip59

For additional information on amsmath, use the `?' option.
(/usr/share/texlive/texmf-dist/tex/latex/amsmath/amstext.sty
Package: amstext 2000/06/29 v2.01

(/usr/share/texlive/texmf-dist/tex/latex/amsmath/amsgen.sty
File: amsgen.sty 1999/11/30 v2.0
\@emptytoks=\toks18
\ex@=\dimen116
))
(/usr/share/texlive/texmf-dist/tex/latex/amsmath/amsbsy.sty
Package: amsbsy 1999/11/29 v1.2d
\pmbraise@=\dimen117
)
(/usr/share/texlive/texmf-dist/tex/latex/amsmath/amsopn.sty
Package: amsopn 1999/12/14 v2.01 operator names
)
\inf@bad=\count105
LaTeX Info: Redefining \frac on input line 210.
\uproot@=\count106
\leftroot@=\count107
LaTeX Info: Redefining \overline on input line 306.
\classnum@=\count108
\DOTSCASE@=\count109
LaTeX Info: Redefining \ldots on input line 378.
LaTeX Info: Redefining \dots on input line 381.
LaTeX Info: Redefining \cdots on input line 466.
\Mathstrutbox@=\box36
\strutbox@=\box37
\big@size=\dimen118
LaTeX Font Info:    Redeclaring font encoding OML on input line 566.
LaTeX Font Info:    Redeclaring font encoding OMS on input line 567.
\macc@depth=\count110
\c@MaxMatrixCols=\count111
\dotsspace@=\muskip10
\c@parentequation=\count112
\dspbrk@lvl=\count113
\tag@help=\toks19
\row@=\count114
\column@=\count115
\maxfields@=\count116
\andhelp@=\toks20
\eqnshift@=\dimen119
\alignsep@=\dimen120
\tagshift@=\dimen121
\tagwidth@=\dimen122
\totwidth@=\dimen123
\lineht@=\dimen124
\@envbody=\toks21
\multlinegap=\skip60
\multlinetaggap=\skip61
\mathdisplay@stack=\toks22
LaTeX Info: Redefining \[ on input line 2665.
LaTeX Info: Redefining \] on input line 2666.
)
(/usr/share/texlive/texmf-dist/tex/latex/amsfonts/amsfonts.sty
Package: amsfonts 2013/01/14 v3.01 Basic AMSFonts support
\symAMSa=\mathgroup4
\symAMSb=\mathgroup5
LaTeX Font Info:    Overwriting math alphabet `\mathfrak' in version `bold'
(Font)                  U/euf/m/n --> U/euf/b/n on input line 106.
)
(/usr/share/texlive/texmf-dist/tex/latex/amsfonts/amssymb.sty
Package: amssymb 2013/01/14 v3.01 AMS font symbols
)
(/usr/share/texlive/texmf-dist/tex/latex/subfig/subfig.sty
Package: subfig 2005/06/28 ver: 1.3 subfig package

(/usr/share/texlive/texmf-dist/tex/latex/caption/caption.sty
Package: caption 2013/05/02 v3.3-89 Customizing captions (AR)

(/usr/share/texlive/texmf-dist/tex/latex/caption/caption3.sty
Package: caption3 2013/05/02 v1.6-88 caption3 kernel (AR)
Package caption3 Info: TeX engine: e-TeX on input line 57.
\captionmargin=\dimen125
\captionmargin@=\dimen126
\captionwidth=\dimen127
\caption@tempdima=\dimen128
\caption@indent=\dimen129
\caption@parindent=\dimen130
\caption@hangindent=\dimen131
)
\c@ContinuedFloat=\count117
Package caption Info: listings package is loaded.
)
\c@KVtest=\count118
\sf@farskip=\skip62
\sf@captopadj=\dimen132
\sf@capskip=\skip63
\sf@nearskip=\skip64
\c@subfigure=\count119
\c@subfigure@save=\count120
\c@lofdepth=\count121
\c@subtable=\count122
\c@subtable@save=\count123
\c@lotdepth=\count124
\sf@top=\skip65
\sf@bottom=\skip66
)
(/usr/share/texmf/tex/latex/pgf/frontendlayer/tikz.sty
(/usr/share/texmf/tex/latex/pgf/basiclayer/pgf.sty
(/usr/share/texmf/tex/latex/pgf/utilities/pgfrcs.sty
(/usr/share/texmf/tex/generic/pgf/utilities/pgfutil-common.tex
\pgfutil@everybye=\toks23
)
(/usr/share/texmf/tex/generic/pgf/utilities/pgfutil-latex.def
\pgfutil@abb=\box38

(/usr/share/texlive/texmf-dist/tex/latex/ms/everyshi.sty
Package: everyshi 2001/05/15 v3.00 EveryShipout Package (MS)
))
(/usr/share/texmf/tex/generic/pgf/utilities/pgfrcs.code.tex
Package: pgfrcs 2010/10/25 v2.10 (rcs-revision 1.24)
))
Package: pgf 2008/01/15 v2.10 (rcs-revision 1.12)

(/usr/share/texmf/tex/latex/pgf/basiclayer/pgfcore.sty
(/usr/share/texmf/tex/latex/pgf/systemlayer/pgfsys.sty
(/usr/share/texmf/tex/generic/pgf/systemlayer/pgfsys.code.tex
Package: pgfsys 2010/06/30 v2.10 (rcs-revision 1.37)

(/usr/share/texmf/tex/generic/pgf/utilities/pgfkeys.code.tex
\pgfkeys@pathtoks=\toks24
\pgfkeys@temptoks=\toks25

(/usr/share/texmf/tex/generic/pgf/utilities/pgfkeysfiltered.code.tex
\pgfkeys@tmptoks=\toks26
))
\pgf@x=\dimen133
\pgf@y=\dimen134
\pgf@xa=\dimen135
\pgf@ya=\dimen136
\pgf@xb=\dimen137
\pgf@yb=\dimen138
\pgf@xc=\dimen139
\pgf@yc=\dimen140
\w@pgf@writea=\write3
\r@pgf@reada=\read1
\c@pgf@counta=\count125
\c@pgf@countb=\count126
\c@pgf@countc=\count127
\c@pgf@countd=\count128

(/usr/share/texmf/tex/generic/pgf/systemlayer/pgf.cfg
File: pgf.cfg 2008/05/14  (rcs-revision 1.7)
)
Package pgfsys Info: Driver file for pgf: pgfsys-pdftex.def on input line 900.

(/usr/share/texmf/tex/generic/pgf/systemlayer/pgfsys-pdftex.def
File: pgfsys-pdftex.def 2009/05/22  (rcs-revision 1.26)

(/usr/share/texmf/tex/generic/pgf/systemlayer/pgfsys-common-pdf.def
File: pgfsys-common-pdf.def 2008/05/19  (rcs-revision 1.10)
)))
(/usr/share/texmf/tex/generic/pgf/systemlayer/pgfsyssoftpath.code.tex
File: pgfsyssoftpath.code.tex 2008/07/18  (rcs-revision 1.7)
\pgfsyssoftpath@smallbuffer@items=\count129
\pgfsyssoftpath@bigbuffer@items=\count130
)
(/usr/share/texmf/tex/generic/pgf/systemlayer/pgfsysprotocol.code.tex
File: pgfsysprotocol.code.tex 2006/10/16  (rcs-revision 1.4)
))
(/usr/share/texmf/tex/latex/xcolor/xcolor.sty
Package: xcolor 2007/01/21 v2.11 LaTeX color extensions (UK)

(/usr/share/texlive/texmf-dist/tex/latex/latexconfig/color.cfg
File: color.cfg 2007/01/18 v1.5 color configuration of teTeX/TeXLive
)
Package xcolor Info: Driver file: pdftex.def on input line 225.
Package xcolor Info: Model `cmy' substituted by `cmy0' on input line 1337.
Package xcolor Info: Model `hsb' substituted by `rgb' on input line 1341.
Package xcolor Info: Model `RGB' extended on input line 1353.
Package xcolor Info: Model `HTML' substituted by `rgb' on input line 1355.
Package xcolor Info: Model `Hsb' substituted by `hsb' on input line 1356.
Package xcolor Info: Model `tHsb' substituted by `hsb' on input line 1357.
Package xcolor Info: Model `HSB' substituted by `hsb' on input line 1358.
Package xcolor Info: Model `Gray' substituted by `gray' on input line 1359.
Package xcolor Info: Model `wave' substituted by `hsb' on input line 1360.
)
(/usr/share/texmf/tex/generic/pgf/basiclayer/pgfcore.code.tex
Package: pgfcore 2010/04/11 v2.10 (rcs-revision 1.7)

(/usr/share/texmf/tex/generic/pgf/math/pgfmath.code.tex
(/usr/share/texmf/tex/generic/pgf/math/pgfmathcalc.code.tex
(/usr/share/texmf/tex/generic/pgf/math/pgfmathutil.code.tex)
(/usr/share/texmf/tex/generic/pgf/math/pgfmathparser.code.tex
\pgfmath@dimen=\dimen141
\pgfmath@count=\count131
\pgfmath@box=\box39
\pgfmath@toks=\toks27
\pgfmath@stack@operand=\toks28
\pgfmath@stack@operation=\toks29
)
(/usr/share/texmf/tex/generic/pgf/math/pgfmathfunctions.code.tex
(/usr/share/texmf/tex/generic/pgf/math/pgfmathfunctions.basic.code.tex)
(/usr/share/texmf/tex/generic/pgf/math/pgfmathfunctions.trigonometric.code.tex)
(/usr/share/texmf/tex/generic/pgf/math/pgfmathfunctions.random.code.tex)
(/usr/share/texmf/tex/generic/pgf/math/pgfmathfunctions.comparison.code.tex)
(/usr/share/texmf/tex/generic/pgf/math/pgfmathfunctions.base.code.tex)
(/usr/share/texmf/tex/generic/pgf/math/pgfmathfunctions.round.code.tex)
(/usr/share/texmf/tex/generic/pgf/math/pgfmathfunctions.misc.code.tex)))
(/usr/share/texmf/tex/generic/pgf/math/pgfmathfloat.code.tex
\c@pgfmathroundto@lastzeros=\count132
))
(/usr/share/texmf/tex/generic/pgf/basiclayer/pgfcorepoints.code.tex
File: pgfcorepoints.code.tex 2010/04/09  (rcs-revision 1.20)
\pgf@picminx=\dimen142
\pgf@picmaxx=\dimen143
\pgf@picminy=\dimen144
\pgf@picmaxy=\dimen145
\pgf@pathminx=\dimen146
\pgf@pathmaxx=\dimen147
\pgf@pathminy=\dimen148
\pgf@pathmaxy=\dimen149
\pgf@xx=\dimen150
\pgf@xy=\dimen151
\pgf@yx=\dimen152
\pgf@yy=\dimen153
\pgf@zx=\dimen154
\pgf@zy=\dimen155
)
(/usr/share/texmf/tex/generic/pgf/basiclayer/pgfcorepathconstruct.code.tex
File: pgfcorepathconstruct.code.tex 2010/08/03  (rcs-revision 1.24)
\pgf@path@lastx=\dimen156
\pgf@path@lasty=\dimen157
)
(/usr/share/texmf/tex/generic/pgf/basiclayer/pgfcorepathusage.code.tex
File: pgfcorepathusage.code.tex 2008/04/22  (rcs-revision 1.12)
\pgf@shorten@end@additional=\dimen158
\pgf@shorten@start@additional=\dimen159
)
(/usr/share/texmf/tex/generic/pgf/basiclayer/pgfcorescopes.code.tex
File: pgfcorescopes.code.tex 2010/09/08  (rcs-revision 1.34)
\pgfpic=\box40
\pgf@hbox=\box41
\pgf@layerbox@main=\box42
\pgf@picture@serial@count=\count133
)
(/usr/share/texmf/tex/generic/pgf/basiclayer/pgfcoregraphicstate.code.tex
File: pgfcoregraphicstate.code.tex 2008/04/22  (rcs-revision 1.9)
\pgflinewidth=\dimen160
)
(/usr/share/texmf/tex/generic/pgf/basiclayer/pgfcoretransformations.code.tex
File: pgfcoretransformations.code.tex 2009/06/10  (rcs-revision 1.11)
\pgf@pt@x=\dimen161
\pgf@pt@y=\dimen162
\pgf@pt@temp=\dimen163
)
(/usr/share/texmf/tex/generic/pgf/basiclayer/pgfcorequick.code.tex
File: pgfcorequick.code.tex 2008/10/09  (rcs-revision 1.3)
)
(/usr/share/texmf/tex/generic/pgf/basiclayer/pgfcoreobjects.code.tex
File: pgfcoreobjects.code.tex 2006/10/11  (rcs-revision 1.2)
)
(/usr/share/texmf/tex/generic/pgf/basiclayer/pgfcorepathprocessing.code.tex
File: pgfcorepathprocessing.code.tex 2008/10/09  (rcs-revision 1.8)
)
(/usr/share/texmf/tex/generic/pgf/basiclayer/pgfcorearrows.code.tex
File: pgfcorearrows.code.tex 2008/04/23  (rcs-revision 1.11)
)
(/usr/share/texmf/tex/generic/pgf/basiclayer/pgfcoreshade.code.tex
File: pgfcoreshade.code.tex 2008/11/23  (rcs-revision 1.13)
\pgf@max=\dimen164
\pgf@sys@shading@range@num=\count134
)
(/usr/share/texmf/tex/generic/pgf/basiclayer/pgfcoreimage.code.tex
File: pgfcoreimage.code.tex 2010/03/25  (rcs-revision 1.16)

(/usr/share/texmf/tex/generic/pgf/basiclayer/pgfcoreexternal.code.tex
File: pgfcoreexternal.code.tex 2010/09/01  (rcs-revision 1.17)
\pgfexternal@startupbox=\box43
))
(/usr/share/texmf/tex/generic/pgf/basiclayer/pgfcorelayers.code.tex
File: pgfcorelayers.code.tex 2010/08/27  (rcs-revision 1.2)
)
(/usr/share/texmf/tex/generic/pgf/basiclayer/pgfcoretransparency.code.tex
File: pgfcoretransparency.code.tex 2008/01/17  (rcs-revision 1.2)
)
(/usr/share/texmf/tex/generic/pgf/basiclayer/pgfcorepatterns.code.tex
File: pgfcorepatterns.code.tex 2009/07/02  (rcs-revision 1.3)
)))
(/usr/share/texmf/tex/generic/pgf/modules/pgfmoduleshapes.code.tex
File: pgfmoduleshapes.code.tex 2010/09/09  (rcs-revision 1.13)
\pgfnodeparttextbox=\box44
)
(/usr/share/texmf/tex/generic/pgf/modules/pgfmoduleplot.code.tex
File: pgfmoduleplot.code.tex 2010/10/22  (rcs-revision 1.8)
)
(/usr/share/texmf/tex/latex/pgf/compatibility/pgfcomp-version-0-65.sty
Package: pgfcomp-version-0-65 2007/07/03 v2.10 (rcs-revision 1.7)
\pgf@nodesepstart=\dimen165
\pgf@nodesepend=\dimen166
)
(/usr/share/texmf/tex/latex/pgf/compatibility/pgfcomp-version-1-18.sty
Package: pgfcomp-version-1-18 2007/07/23 v2.10 (rcs-revision 1.1)
))
(/usr/share/texmf/tex/latex/pgf/utilities/pgffor.sty
(/usr/share/texmf/tex/latex/pgf/utilities/pgfkeys.sty
(/usr/share/texmf/tex/generic/pgf/utilities/pgfkeys.code.tex))
(/usr/share/texmf/tex/generic/pgf/utilities/pgffor.code.tex
Package: pgffor 2010/03/23 v2.10 (rcs-revision 1.18)
\pgffor@iter=\dimen167
\pgffor@skip=\dimen168
\pgffor@stack=\toks30
\pgffor@toks=\toks31
))
(/usr/share/texmf/tex/generic/pgf/frontendlayer/tikz/tikz.code.tex
Package: tikz 2010/10/13 v2.10 (rcs-revision 1.76)

(/usr/share/texmf/tex/generic/pgf/libraries/pgflibraryplothandlers.code.tex
File: pgflibraryplothandlers.code.tex 2010/05/31 v2.10 (rcs-revision 1.15)
\pgf@plot@mark@count=\count135
\pgfplotmarksize=\dimen169
)
\tikz@lastx=\dimen170
\tikz@lasty=\dimen171
\tikz@lastxsaved=\dimen172
\tikz@lastysaved=\dimen173
\tikzleveldistance=\dimen174
\tikzsiblingdistance=\dimen175
\tikz@figbox=\box45
\tikz@tempbox=\box46
\tikztreelevel=\count136
\tikznumberofchildren=\count137
\tikznumberofcurrentchild=\count138
\tikz@fig@count=\count139

(/usr/share/texmf/tex/generic/pgf/modules/pgfmodulematrix.code.tex
File: pgfmodulematrix.code.tex 2010/08/24  (rcs-revision 1.4)
\pgfmatrixcurrentrow=\count140
\pgfmatrixcurrentcolumn=\count141
\pgf@matrix@numberofcolumns=\count142
)
\tikz@expandcount=\count143

(/usr/share/texmf/tex/generic/pgf/frontendlayer/tikz/libraries/tikzlibrarytopat
hs.code.tex
File: tikzlibrarytopaths.code.tex 2008/06/17 v2.10 (rcs-revision 1.2)
))) (/usr/share/texlive/texmf-dist/tex/generic/misc/texnames.sty
This is texnames.sty, Version 1.10 <02 March 1998>
) (/usr/share/texlive/texmf-dist/tex/latex/url/url.sty
\Urlmuskip=\muskip11
Package: url 2013/09/16  ver 3.4  Verb mode for urls, etc.
)
(/usr/share/texlive/texmf-dist/tex/latex/hyperref/hyperref.sty
Package: hyperref 2012/11/06 v6.83m Hypertext links for LaTeX

(/usr/share/texlive/texmf-dist/tex/generic/oberdiek/hobsub-hyperref.sty
Package: hobsub-hyperref 2012/05/28 v1.13 Bundle oberdiek, subset hyperref (HO)


(/usr/share/texlive/texmf-dist/tex/generic/oberdiek/hobsub-generic.sty
Package: hobsub-generic 2012/05/28 v1.13 Bundle oberdiek, subset generic (HO)
Package: hobsub 2012/05/28 v1.13 Construct package bundles (HO)
Package hobsub Info: Skipping package `infwarerr' (already loaded).
Package hobsub Info: Skipping package `ltxcmds' (already loaded).
Package: ifluatex 2010/03/01 v1.3 Provides the ifluatex switch (HO)
Package ifluatex Info: LuaTeX not detected.
Package: ifvtex 2010/03/01 v1.5 Detect VTeX and its facilities (HO)
Package ifvtex Info: VTeX not detected.
Package: intcalc 2007/09/27 v1.1 Expandable calculations with integers (HO)
Package: ifpdf 2011/01/30 v2.3 Provides the ifpdf switch (HO)
Package ifpdf Info: pdfTeX in PDF mode is detected.
Package: etexcmds 2011/02/16 v1.5 Avoid name clashes with e-TeX commands (HO)
Package etexcmds Info: Could not find \expanded.
(etexcmds)             That can mean that you are not using pdfTeX 1.50 or
(etexcmds)             that some package has redefined \expanded.
(etexcmds)             In the latter case, load this package earlier.
Package: kvsetkeys 2012/04/25 v1.16 Key value parser (HO)
Package: kvdefinekeys 2011/04/07 v1.3 Define keys (HO)
Package: pdftexcmds 2011/11/29 v0.20 Utility functions of pdfTeX for LuaTeX (HO
)
Package pdftexcmds Info: LuaTeX not detected.
Package pdftexcmds Info: \pdf@primitive is available.
Package pdftexcmds Info: \pdf@ifprimitive is available.
Package pdftexcmds Info: \pdfdraftmode found.
Package: pdfescape 2011/11/25 v1.13 Implements pdfTeX's escape features (HO)
Package: bigintcalc 2012/04/08 v1.3 Expandable calculations on big integers (HO
)
Package: bitset 2011/01/30 v1.1 Handle bit-vector datatype (HO)
Package: uniquecounter 2011/01/30 v1.2 Provide unlimited unique counter (HO)
)
Package hobsub Info: Skipping package `hobsub' (already loaded).
Package: letltxmacro 2010/09/02 v1.4 Let assignment for LaTeX macros (HO)
Package: hopatch 2012/05/28 v1.2 Wrapper for package hooks (HO)
Package: xcolor-patch 2011/01/30 xcolor patch
Package: atveryend 2011/06/30 v1.8 Hooks at the very end of document (HO)
Package atveryend Info: \enddocument detected (standard20110627).
Package: atbegshi 2011/10/05 v1.16 At begin shipout hook (HO)
Package: refcount 2011/10/16 v3.4 Data extraction from label references (HO)
Package: hycolor 2011/01/30 v1.7 Color options for hyperref/bookmark (HO)
)
(/usr/share/texlive/texmf-dist/tex/generic/ifxetex/ifxetex.sty
Package: ifxetex 2010/09/12 v0.6 Provides ifxetex conditional
)
(/usr/share/texlive/texmf-dist/tex/latex/oberdiek/auxhook.sty
Package: auxhook 2011/03/04 v1.3 Hooks for auxiliary files (HO)
)
(/usr/share/texlive/texmf-dist/tex/latex/oberdiek/kvoptions.sty
Package: kvoptions 2011/06/30 v3.11 Key value format for package options (HO)
)
\@linkdim=\dimen176
\Hy@linkcounter=\count144
\Hy@pagecounter=\count145

(/usr/share/texlive/texmf-dist/tex/latex/hyperref/pd1enc.def
File: pd1enc.def 2012/11/06 v6.83m Hyperref: PDFDocEncoding definition (HO)
Now handling font encoding PD1 ...
... no UTF-8 mapping file for font encoding PD1
)
\Hy@SavedSpaceFactor=\count146

(/usr/share/texlive/texmf-dist/tex/latex/latexconfig/hyperref.cfg
File: hyperref.cfg 2002/06/06 v1.2 hyperref configuration of TeXLive
)
Package hyperref Info: Option `colorlinks' set `true' on input line 4319.
Package hyperref Info: Hyper figures OFF on input line 4443.
Package hyperref Info: Link nesting OFF on input line 4448.
Package hyperref Info: Hyper index ON on input line 4451.
Package hyperref Info: Plain pages OFF on input line 4458.
Package hyperref Info: Backreferencing OFF on input line 4463.
Package hyperref Info: Implicit mode ON; LaTeX internals redefined.
Package hyperref Info: Bookmarks ON on input line 4688.
\c@Hy@tempcnt=\count147
LaTeX Info: Redefining \url on input line 5041.
\XeTeXLinkMargin=\dimen177
\Fld@menulength=\count148
\Field@Width=\dimen178
\Fld@charsize=\dimen179
Package hyperref Info: Hyper figures OFF on input line 6295.
Package hyperref Info: Link nesting OFF on input line 6300.
Package hyperref Info: Hyper index ON on input line 6303.
Package hyperref Info: backreferencing OFF on input line 6310.
Package hyperref Info: Link coloring ON on input line 6313.
Package hyperref Info: Link coloring with OCG OFF on input line 6320.
Package hyperref Info: PDF/A mode OFF on input line 6325.
LaTeX Info: Redefining \ref on input line 6365.
LaTeX Info: Redefining \pageref on input line 6369.
\Hy@abspage=\count149
\c@Item=\count150
\c@Hfootnote=\count151
)

Package hyperref Message: Driver (autodetected): hpdftex.

(/usr/share/texlive/texmf-dist/tex/latex/hyperref/hpdftex.def
File: hpdftex.def 2012/11/06 v6.83m Hyperref driver for pdfTeX
\Fld@listcount=\count152
\c@bookmark@seq@number=\count153

(/usr/share/texlive/texmf-dist/tex/latex/oberdiek/rerunfilecheck.sty
Package: rerunfilecheck 2011/04/15 v1.7 Rerun checks for auxiliary files (HO)
Package uniquecounter Info: New unique counter `rerunfilecheck' on input line 2
82.
)
\Hy@SectionHShift=\skip67
)
(./1-Nagusia.aux (./titlepage.aux) (./2-Sarrera.aux)
(./3-MetodoSinplektikoak.aux) (./4-Problemak.aux

LaTeX Warning: Label `eq:2' multiply defined.


LaTeX Warning: Label `tab:1' multiply defined.


LaTeX Warning: Label `tab:1' multiply defined.


LaTeX Warning: Label `tab:1' multiply defined.


LaTeX Warning: Label `tab:1' multiply defined.

) (./5-KomaHigikorra.aux

LaTeX Warning: Label `fig:three' multiply defined.


LaTeX Warning: Label `tab:1' multiply defined.

) (./6-ScientificComputing.aux

LaTeX Warning: Label `fig:three' multiply defined.


LaTeX Warning: Label `fig:61' multiply defined.


LaTeX Warning: Label `fig:61' multiply defined.


LaTeX Warning: Label `fig:61' multiply defined.


LaTeX Warning: Label `fig:61' multiply defined.


LaTeX Warning: Label `fig:61' multiply defined.

) (./8-Review.aux) (./7-IRKPuntuFinkoa.aux) (./9-IRKNewton.aux)
(./10-IRKEguzkiSistema.aux

LaTeX Warning: Label `eq:62' multiply defined.


LaTeX Warning: Label `eq:63' multiply defined.

) (./A-Eranskinak.aux))
\openout1 = `1-Nagusia.aux'.

LaTeX Font Info:    Checking defaults for OML/cmm/m/it on input line 36.
LaTeX Font Info:    ... okay on input line 36.
LaTeX Font Info:    Checking defaults for T1/cmr/m/n on input line 36.
LaTeX Font Info:    ... okay on input line 36.
LaTeX Font Info:    Checking defaults for OT1/cmr/m/n on input line 36.
LaTeX Font Info:    ... okay on input line 36.
LaTeX Font Info:    Checking defaults for OMS/cmsy/m/n on input line 36.
LaTeX Font Info:    ... okay on input line 36.
LaTeX Font Info:    Checking defaults for OMX/cmex/m/n on input line 36.
LaTeX Font Info:    ... okay on input line 36.
LaTeX Font Info:    Checking defaults for U/cmr/m/n on input line 36.
LaTeX Font Info:    ... okay on input line 36.
LaTeX Font Info:    Checking defaults for PD1/pdf/m/n on input line 36.
LaTeX Font Info:    ... okay on input line 36.
LaTeX Font Info:    Try loading font information for T1+ptm on input line 36.

(/usr/share/texlive/texmf-dist/tex/latex/psnfss/t1ptm.fd
File: t1ptm.fd 2001/06/04 font definitions for T1/ptm.
)
(/usr/share/texlive/texmf-dist/tex/context/base/supp-pdf.mkii
[Loading MPS to PDF converter (version 2006.09.02).]
\scratchcounter=\count154
\scratchdimen=\dimen180
\scratchbox=\box47
\nofMPsegments=\count155
\nofMParguments=\count156
\everyMPshowfont=\toks32
\MPscratchCnt=\count157
\MPscratchDim=\dimen181
\MPnumerator=\count158
\makeMPintoPDFobject=\count159
\everyMPtoPDFconversion=\toks33
) (/usr/share/texlive/texmf-dist/tex/latex/oberdiek/epstopdf-base.sty
Package: epstopdf-base 2010/02/09 v2.5 Base part for package epstopdf

(/usr/share/texlive/texmf-dist/tex/latex/oberdiek/grfext.sty
Package: grfext 2010/08/19 v1.1 Manage graphics extensions (HO)
)
Package grfext Info: Graphics extension search list:
(grfext)             [.png,.pdf,.jpg,.mps,.jpeg,.jbig2,.jb2,.PNG,.PDF,.JPG,.JPE
G,.JBIG2,.JB2,.eps]
(grfext)             \AppendGraphicsExtensions on input line 452.

(/usr/share/texlive/texmf-dist/tex/latex/latexconfig/epstopdf-sys.cfg
File: epstopdf-sys.cfg 2010/07/13 v1.3 Configuration of (r)epstopdf for TeX Liv
e
))
\c@lstlisting=\count160
Package caption Info: Begin \AtBeginDocument code.
Package caption Info: subfig package v1.3 is loaded.
Package caption Info: hyperref package is loaded.
Package caption Info: End \AtBeginDocument code.

ABD: EveryShipout initializing macros
\AtBeginShipoutBox=\box48
Package hyperref Info: Link coloring ON on input line 36.

(/usr/share/texlive/texmf-dist/tex/latex/hyperref/nameref.sty
Package: nameref 2012/10/27 v2.43 Cross-referencing by name of section

(/usr/share/texlive/texmf-dist/tex/generic/oberdiek/gettitlestring.sty
Package: gettitlestring 2010/12/03 v1.4 Cleanup title references (HO)
)
\c@section@level=\count161
)
LaTeX Info: Redefining \ref on input line 36.
LaTeX Info: Redefining \pageref on input line 36.
LaTeX Info: Redefining \nameref on input line 36.

(./1-Nagusia.out) (./1-Nagusia.out)
\@outlinefile=\write4
\openout4 = `1-Nagusia.out'.

\openout2 = `titlepage.aux'.

 (./titlepage.tex
LaTeX Font Info:    Font shape `T1/ptm/bx/n' in size <17.28> not available
(Font)              Font shape `T1/ptm/b/n' tried instead on input line 7.
LaTeX Font Info:    Try loading font information for OMS+ptm on input line 27.

(/usr/share/texlive/texmf-dist/tex/latex/psnfss/omsptm.fd
File: omsptm.fd 
)
LaTeX Font Info:    Font shape `OMS/ptm/m/n' in size <12> not available
(Font)              Font shape `OMS/cmsy/m/n' tried instead on input line 27.
 [1



{/var/lib/texmf/fonts/map/pdftex/updmap/pdftex.map}])
LaTeX Font Info:    Font shape `T1/ptm/bx/n' in size <24.88> not available
(Font)              Font shape `T1/ptm/b/n' tried instead on input line 52.
 (./1-Nagusia.toc
LaTeX Font Info:    Font shape `T1/ptm/bx/n' in size <14.4> not available
(Font)              Font shape `T1/ptm/b/n' tried instead on input line 3.
LaTeX Font Info:    Font shape `T1/ptm/bx/n' in size <12> not available
(Font)              Font shape `T1/ptm/b/n' tried instead on input line 4.
LaTeX Font Info:    Try loading font information for U+msa on input line 5.

(/usr/share/texlive/texmf-dist/tex/latex/amsfonts/umsa.fd
File: umsa.fd 2013/01/14 v3.01 AMS symbols A
)
LaTeX Font Info:    Try loading font information for U+msb on input line 5.

(/usr/share/texlive/texmf-dist/tex/latex/amsfonts/umsb.fd
File: umsb.fd 2013/01/14 v3.01 AMS symbols B
)
Overfull \hbox (3.4076pt too wide) detected at line 14
 []\T1/ptm/m/n/12 xxiii
 []


Overfull \hbox (2.43584pt too wide) detected at line 15
 []\T1/ptm/m/n/12 xxiv
 []


Overfull \hbox (2.43584pt too wide) detected at line 16
 []\T1/ptm/m/n/12 xxiv
 []


Overfull \hbox (2.43584pt too wide) detected at line 17
 []\T1/ptm/m/n/12 xxiv
 []


Overfull \hbox (6.07172pt too wide) detected at line 18
 []\T1/ptm/m/n/12 xxvii
 []


Overfull \hbox (9.4076pt too wide) detected at line 21
 []\T1/ptm/m/n/12 xxviii
 []


Overfull \hbox (9.4076pt too wide) detected at line 22
 []\T1/ptm/m/n/12 xxviii
 []


Overfull \hbox (2.73584pt too wide) detected at line 23
 []\T1/ptm/m/n/12 xxix
 []


Overfull \hbox (2.73584pt too wide) detected at line 24
 []\T1/ptm/m/n/12 xxxi
 []


Overfull \hbox (2.73584pt too wide) detected at line 25
 []\T1/ptm/m/n/12 xxxi
 []


Overfull \hbox (6.07172pt too wide) detected at line 26
 []\T1/ptm/m/n/12 xxxii
 []


Overfull \hbox (8.43584pt too wide) detected at line 27
 []\T1/ptm/m/n/12 xxxiv
 []


Overfull \hbox (5.39996pt too wide) detected at line 28
 []\T1/ptm/m/n/12 xxxv
 []


Overfull \hbox (12.07172pt too wide) detected at line 30
 []\T1/ptm/m/n/12 xxxvii
 []


Overfull \hbox (12.07172pt too wide) detected at line 31
 []\T1/ptm/m/n/12 xxxvii
 []


Overfull \hbox (15.4076pt too wide) detected at line 32
 []\T1/ptm/m/n/12 xxxviii
 []

[3


]
Overfull \hbox (15.4076pt too wide) detected at line 33
 []\T1/ptm/m/n/12 xxxviii
 []


Overfull \hbox (8.73584pt too wide) detected at line 34
 []\T1/ptm/m/n/12 xxxix
 []


Overfull \hbox (8.73584pt too wide) detected at line 35
 []\T1/ptm/m/n/12 xxxix
 []


Overfull \hbox (0.74347pt too wide) detected at line 40
 []\T1/ptm/m/n/12 xliii
 []


Overfull \hbox (0.74347pt too wide) detected at line 41
 []\T1/ptm/m/n/12 xliii
 []


Overfull \hbox (3.4076pt too wide) detected at line 43
 []\T1/ptm/m/n/12 xlvii
 []


Overfull \hbox (3.4076pt too wide) detected at line 60
 []\T1/ptm/m/n/12 lxvii
 []


Overfull \hbox (6.74347pt too wide) detected at line 61
 []\T1/ptm/m/n/12 lxviii
 []


Overfull \hbox (6.74347pt too wide) detected at line 66
 []\T1/ptm/m/n/12 lxxiii
 []


Overfull \hbox (6.74347pt too wide) detected at line 67
 []\T1/ptm/m/n/12 lxxiii
 []


Overfull \hbox (5.77171pt too wide) detected at line 68
 []\T1/ptm/m/n/12 lxxiv
 []


Overfull \hbox (5.77171pt too wide) detected at line 69
 []\T1/ptm/m/n/12 lxxiv
 []

[4]
Overfull \hbox (9.4076pt too wide) detected at line 70
 []\T1/ptm/m/n/12 lxxvii
 []


Overfull \hbox (9.4076pt too wide) detected at line 71
 []\T1/ptm/m/n/12 lxxvii
 []


Overfull \hbox (12.74347pt too wide) detected at line 72
 []\T1/ptm/m/n/12 lxxviii
 []


Overfull \hbox (12.74347pt too wide) detected at line 74
 []\T1/ptm/m/n/12 lxxxiii
 []


Overfull \hbox (8.73584pt too wide) detected at line 76
 []\T1/ptm/m/n/12 lxxxv
 []


Overfull \hbox (8.73584pt too wide) detected at line 77
 []\T1/ptm/m/n/12 lxxxv
 []

)
\tf@toc=\write5
\openout5 = `1-Nagusia.toc'.

 [5] [6

] (./1-Nagusia.lof
Overfull \hbox (9.4076pt too wide) detected at line 8
 []\T1/ptm/m/n/12 xxviii
 []


Overfull \hbox (12.07172pt too wide) detected at line 11
 []\T1/ptm/m/n/12 xxxvii
 []


Overfull \hbox (6.74347pt too wide) detected at line 15
 []\T1/ptm/m/n/12 xlviii
 []


Overfull \hbox (12.74347pt too wide) detected at line 27
 []\T1/ptm/m/n/12 lxxviii
 []


Overfull \hbox (6.07172pt too wide) detected at line 32
 []\T1/ptm/m/n/12 lxxix
 []


Overfull \hbox (2.73584pt too wide) detected at line 37
 []\T1/ptm/m/n/12 lxxx
 []


Overfull \hbox (2.73584pt too wide) detected at line 42
 []\T1/ptm/m/n/12 lxxx
 []

[7]
Overfull \hbox (6.07172pt too wide) detected at line 45
 []\T1/ptm/m/n/12 lxxxi
 []

)
\tf@lof=\write6
\openout6 = `1-Nagusia.lof'.

 [8] (./1-Nagusia.lot
Overfull \hbox (5.39996pt too wide) detected at line 5
 []\T1/ptm/m/n/12 xxxv
 []


Overfull \hbox (9.4076pt too wide) detected at line 16
 []\T1/ptm/m/n/12 lxxvii
 []


Overfull \hbox (9.4076pt too wide) detected at line 17
 []\T1/ptm/m/n/12 lxxvii
 []

)
\tf@lot=\write7
\openout7 = `1-Nagusia.lot'.

 [9

] [10

] [11] [12]
\openout2 = `2-Sarrera.aux'.

 (./2-Sarrera.tex
Kapitulua 1.
[13


] [14] [15] <images/eguzkisistema1.png, id=543, 828.09375pt x 579.16376pt>
File: images/eguzkisistema1.png Graphic file (type png)

<use images/eguzkisistema1.png>
Package pdftex.def Info: images/eguzkisistema1.png used on input line 64.
(pdftex.def)             Requested size: 195.0pt x 136.37746pt.

<images/eguzkisistema2.png, id=544, 401.5pt x 301.125pt>
File: images/eguzkisistema2.png Graphic file (type png)

<use images/eguzkisistema2.png>
Package pdftex.def Info: images/eguzkisistema2.png used on input line 67.
(pdftex.def)             Requested size: 195.0pt x 146.2522pt.

Overfull \hbox (12.0pt too wide) in paragraph at lines 64--68
 [][][][] 
 []

[16 <./images/eguzkisistema1.png (PNG copy)> <./images/eguzkisistema2.png>]
Overfull \hbox (4.6522pt too wide) in paragraph at lines 81--82
\T1/ptm/m/n/12 pli-fi-ka-tua mo-du era-gin-ko-rrean apli-ka-tze-ko tek-ni-ka pr
o-po-sa-tzea izan da. S-ataletako
 []

) [17] [18


] [19] [20]
\openout2 = `3-MetodoSinplektikoak.aux'.

 (./3-MetodoSinplektikoak.tex
Kapitulua 2.

Overfull \hbox (28.75993pt too wide) in paragraph at lines 21--22
 [] \T1/ptm/m/n/12 Me-to-do ana-li-ti-koak (fun-tzio eza-gu-nen ara-be-ra-ko so
-lu-zio zeha-tza) eta erdi-analitikoak,
 []


Overfull \hbox (34.84398pt too wide) in paragraph at lines 23--24
 [] \T1/ptm/m/n/12 Pro-ble-ma kao-ti-koak. Ha-sie-ra-ko ba-lio edo pa-ra-me-tro
en per-tur-ba-zioe-ki-ko, diskretizazio-
 []

[21


]
Overfull \hbox (1.80464pt too wide) in paragraph at lines 46--47
 [] \T1/ptm/m/it/12 Oro-ko-rrean $[]$ hur-bil-ke-ta, au-rre-ko hur-bil-ke-ten $
[]\OML/cmm/m/it/12 ; []; [] ; []$ \T1/ptm/m/it/12 ara-be-ra kal-
 []

[22]
Overfull \hbox (31.51472pt too wide) in paragraph at lines 74--75
 [] $\OML/cmm/m/it/12 H\OT1/cmr/m/n/12 (\OML/cmm/m/it/12 p; q\OT1/cmr/m/n/12 )$
 \T1/ptm/m/it/12 fun-tzio leu-na iza-nik , non $\OML/cmm/m/it/12 H \OT1/cmr/m/n
/12 :  \U/msb/m/n/12 R[]  [][]\OMS/cmsy/m/n/12 ! \U/msb/m/n/12 R$ \T1/ptm/m/it/
12 eta $\OT1/cmr/m/n/12 (\OML/cmm/m/it/12 p; q\OT1/cmr/m/n/12 ) = (\OML/cmm/m/i
t/12 p[]; [] ; p[]; q[]; [] ; q[]\OT1/cmr/m/n/12 )$\T1/ptm/m/it/12 ,
 []


Overfull \hbox (10.90436pt too wide) in paragraph at lines 98--99
\T1/ptm/m/it/12 Hamiltondar ba-na-ga-rriak egi-tu-ra be-re-zi-ko sis-te-ma Ha-m
il-ton-da-rrak di-tu-gu, Sistema-
 []

[23]
Overfull \hbox (2.07034pt too wide) in paragraph at lines 132--134
[]\T1/ptm/m/it/12 Aukera bat Ja-ko-bi koor-de-na-tuak era-bi-liz Ha-mil-ton-da-
rra $\OML/cmm/m/it/12 H\OT1/cmr/m/n/12 (\OML/cmm/m/it/12 p; q\OT1/cmr/m/n/12 ) 
= \OML/cmm/m/it/12 H[]\OT1/cmr/m/n/12 (\OML/cmm/m/it/12 p; q\OT1/cmr/m/n/12 ) +

 []

[24] [25] [26]
LaTeX Font Info:    Font shape `T1/ptm/bx/it' in size <12> not available
(Font)              Font shape `T1/ptm/b/it' tried instead on input line 247.
 <images/KolokazioMetodoa.png, id=650, 459.7175pt x 363.3575pt>
File: images/KolokazioMetodoa.png Graphic file (type png)

<use images/KolokazioMetodoa.png>
Package pdftex.def Info: images/KolokazioMetodoa.png used on input line 280.
(pdftex.def)             Requested size: 175.49881pt x 138.71487pt.


LaTeX Warning: `h' float specifier changed to `ht'.

[27] [28 <./images/KolokazioMetodoa.png>]
Overfull \hbox (0.2714pt too wide) in paragraph at lines 358--360
[]\T1/ptm/m/it/12 Sekuentziala. Urrats ba-koi-tza-ren kal-ku-luak mo-du se-kuen
-tzia-lean egin behar
 []

[29] [30] [31]
Overfull \hbox (49.67482pt too wide) in paragraph at lines 473--475
\T1/ptm/m/it/12 Split-ting me-to-doak kon-po-sa-tuz or-den al-tua-go-ko me-to-d
oak lor-tzen di-ra. $\OML/cmm/m/it/12 a[]; b[]; a[]; [] ; a[]; b[]$
 []


Overfull \hbox (0.43956pt too wide) in paragraph at lines 502--503
\T1/ptm/m/it/12 N-gorputzeko pro-ble-ma gra-bi-ta-zio-na-la-ren Ha-mil-ton-da-r
ra $\OML/cmm/m/it/12 H\OT1/cmr/m/n/12 (\OML/cmm/m/it/12 p; q\OT1/cmr/m/n/12 ) =
 \OML/cmm/m/it/12 T\OT1/cmr/m/n/12 (\OML/cmm/m/it/12 p\OT1/cmr/m/n/12 ) + \OML/
cmm/m/it/12 U\OT1/cmr/m/n/12 (\OML/cmm/m/it/12 q\OT1/cmr/m/n/12 )$\T1/ptm/m/it/
12 ,
 []

[32]
Underfull \hbox (badness 10000) in paragraph at lines 520--522

 []

[33]
Overfull \hbox (14.69202pt too wide) in paragraph at lines 572--573
 []\T1/ptm/b/n/12 Ideia na-gu-sia \T1/ptm/m/it/12 . Koor-de-na-tu kar-te-sia-rr
e-ta-tik koor-de-na-tu elip-ti-koe-ta-ra $\OT1/cmr/m/n/12 (\OML/cmm/m/it/12 a; 
e; i; \OT1/cmr/m/n/12 
\OML/cmm/m/it/12 ; E\OT1/cmr/m/n/12 )$
 []

[34]) [35]
\openout2 = `4-Problemak.aux'.

 (./4-Problemak.tex [36



]
Kapitulua 3.
<images/DoublePendulum.pdf, id=747, 434.37282pt x 303.38344pt>
File: images/DoublePendulum.pdf Graphic file (type pdf)

<use images/DoublePendulum.pdf>
Package pdftex.def Info: images/DoublePendulum.pdf used on input line 11.
(pdftex.def)             Requested size: 284.53947pt x 227.62497pt.
 [37 <./images/DoublePendulum.pdf>]
Overfull \hbox (34.2972pt too wide) detected at line 29
\OML/cmm/m/it/12 H\OT1/cmr/m/n/12 (\OML/cmm/m/it/12 q; p\OT1/cmr/m/n/12 ) = [][
][][]  \OMS/cmsy/m/n/12 ^^@ \OML/cmm/m/it/12 C\OT1/cmr/m/n/12 6  [](^^B[]) \OMS
/cmsy/m/n/12 ^^@  \OML/cmm/m/it/12 C\OT1/cmr/m/n/12 7  [](^^B[])\OML/cmm/m/it/1
2 ;[]
 []

[38] [39]
Overfull \hbox (51.59676pt too wide) detected at line 147
 []$[]  [] \OT1/cmr/m/n/12 = [] [](\OML/cmm/m/it/12 q[] \OMS/cmsy/m/n/12 ^^@ \O
ML/cmm/m/it/12 q[]\OT1/cmr/m/n/12 )[]1 \OMS/cmsy/m/n/12 ^^@ [] [] [] ^^@ [] [] 
[]$ 
 []


LaTeX Warning: `h' float specifier changed to `ht'.


LaTeX Warning: `h' float specifier changed to `ht'.


LaTeX Warning: `h' float specifier changed to `ht'.


LaTeX Warning: `h' float specifier changed to `ht'.

[40] [41]) [42]
\openout2 = `5-KomaHigikorra.aux'.

 (./5-KomaHigikorra.tex
Kapitulua 4.

Overfull \hbox (22.95369pt too wide) in paragraph at lines 5--6
\T1/ptm/m/it/12 Gaur-egungo kon-pu-ta-gai-lue-tan, IEEE-754 es-tan-da-rra-ren a
ra-be-ra-ko koma-higikorreko
 []

<images/KomaHigikorra1.png, id=840, 738.76pt x 111.41624pt>
File: images/KomaHigikorra1.png Graphic file (type png)

<use images/KomaHigikorra1.png>
Package pdftex.def Info: images/KomaHigikorra1.png used on input line 21.
(pdftex.def)             Requested size: 341.43442pt x 56.90483pt.


LaTeX Warning: `h' float specifier changed to `ht'.

[43



] <images/KomaHigikorra2.png, id=850, 718.685pt x 72.27pt>
File: images/KomaHigikorra2.png Graphic file (type png)

<use images/KomaHigikorra2.png>
Package pdftex.def Info: images/KomaHigikorra2.png used on input line 38.
(pdftex.def)             Requested size: 284.52995pt x 28.45204pt.


LaTeX Warning: `!h' float specifier changed to `!ht'.

[44 <./images/KomaHigikorra1.png> <./images/KomaHigikorra2.png>] [45]
(/usr/share/texlive/texmf-dist/tex/latex/listings/lstlang1.sty
File: lstlang1.sty 2013/08/26 1.5b listings language file
)
(/usr/share/texlive/texmf-dist/tex/latex/listings/lstlang1.sty
File: lstlang1.sty 2013/08/26 1.5b listings language file
)
(/usr/share/texlive/texmf-dist/tex/latex/listings/lstlang1.sty
File: lstlang1.sty 2013/08/26 1.5b listings language file
)
LaTeX Font Info:    Font shape `OMS/ptm/m/it' in size <12> not available
(Font)              Font shape `OMS/cmsy/m/n' tried instead on input line 155.
 [46]
Overfull \hbox (49.20447pt too wide) in paragraph at lines 161--163
[][][][][][][][][][][][][][][][][][] 
 []


Overfull \hbox (42.0044pt too wide) in paragraph at lines 164--166
[][][][][][][][][][][][][][][][][][] 
 []

[47] <images/Quick2Sum.pdf, id=902, 444.91219pt x 297.36093pt>
File: images/Quick2Sum.pdf Graphic file (type pdf)

<use images/Quick2Sum.pdf>
Package pdftex.def Info: images/Quick2Sum.pdf used on input line 199.
(pdftex.def)             Requested size: 341.43613pt x 113.8105pt.
 [48 <./images/Quick2Sum.pdf>]) [49]
\openout2 = `6-ScientificComputing.aux'.


(./6-ScientificComputing.tex [50



]
Kapitulua 5.
<images/PerformanceDevelopment.png, id=961, 903.375pt x 803.0pt>
File: images/PerformanceDevelopment.png Graphic file (type png)

<use images/PerformanceDevelopment.png>
Package pdftex.def Info: images/PerformanceDevelopment.png used on input line 1
2.
(pdftex.def)             Requested size: 341.43896pt x 227.61984pt.


LaTeX Warning: `h' float specifier changed to `ht'.

[51] [52 <./images/PerformanceDevelopment.png>]
<images/MemoryHierarchy.png, id=982, 650.43pt x 330.23375pt>
File: images/MemoryHierarchy.png Graphic file (type png)

<use images/MemoryHierarchy.png>
Package pdftex.def Info: images/MemoryHierarchy.png used on input line 69.
(pdftex.def)             Requested size: 284.53264pt x 113.80981pt.
 [53 <./images/MemoryHierarchy.png>]
Overfull \hbox (84.34073pt too wide) in paragraph at lines 78--79
\T1/ptm/m/it/12 si-tik Cache-ra osa-gai ho-ne-taz gain ja-rrai-ko 16 osa-gaiak 
eka-rri-ko di-ra ($\OML/cmm/m/it/12 a\OT1/cmr/m/n/12 (1\OML/cmm/m/it/12 ; \OT1/
cmr/m/n/12 1)\OML/cmm/m/it/12 ; a\OT1/cmr/m/n/12 (1\OML/cmm/m/it/12 ; \OT1/cmr/
m/n/12 2)\OML/cmm/m/it/12 ; [] ; a\OT1/cmr/m/n/12 (1\OML/cmm/m/it/12 ; \OT1/cmr
/m/n/12 16)$\T1/ptm/m/it/12 ).
 []

[54] <images/SharedMemorySystem.png, id=1005, 792.9625pt x 347.2975pt>
File: images/SharedMemorySystem.png Graphic file (type png)

<use images/SharedMemorySystem.png>
Package pdftex.def Info: images/SharedMemorySystem.png used on input line 118.
(pdftex.def)             Requested size: 341.4391pt x 113.80832pt.

<images/DistribuitedMemorySystem.png, id=1006, 757.83125pt x 309.155pt>
File: images/DistribuitedMemorySystem.png Graphic file (type png)

<use images/DistribuitedMemorySystem.png>
Package pdftex.def Info: images/DistribuitedMemorySystem.png used on input line
 124.
(pdftex.def)             Requested size: 341.4372pt x 113.81004pt.
 [55 <./images/SharedMemorySystem.png> <./images/DistribuitedMemorySystem.png>]

<images/SharedMemorySystemUMA.png, id=1013, 601.24625pt x 331.2375pt>
File: images/SharedMemorySystemUMA.png Graphic file (type png)

<use images/SharedMemorySystemUMA.png>
Package pdftex.def Info: images/SharedMemorySystemUMA.png used on input line 13
2.
(pdftex.def)             Requested size: 341.43869pt x 113.807pt.

Overfull \hbox (0.30795pt too wide) in paragraph at lines 147--148
[]\T1/ptm/m/it/12 JOIN: ha-riak ko-de pa-ra-le-loa bu-ka-tzen du-te-nean, behin
 sin-kro-ni-za-tu-ta amai-
 []

<images/ForkJoin.png, id=1014, 331.2375pt x 118.4425pt>
File: images/ForkJoin.png Graphic file (type png)

<use images/ForkJoin.png>
Package pdftex.def Info: images/ForkJoin.png used on input line 151.
(pdftex.def)             Requested size: 284.54027pt x 85.35985pt.


LaTeX Warning: `h' float specifier changed to `ht'.

[56 <./images/SharedMemorySystemUMA.png>] [57 <./images/ForkJoin.png>]
<images/BLASSpeed.png, id=1044, 715.67375pt x 641.39626pt>
File: images/BLASSpeed.png Graphic file (type png)

<use images/BLASSpeed.png>
Package pdftex.def Info: images/BLASSpeed.png used on input line 215.
(pdftex.def)             Requested size: 341.43372pt x 227.61407pt.


LaTeX Warning: `h' float specifier changed to `ht'.

[58]) [59 <./images/BLASSpeed.png>]
\openout2 = `8-Review.aux'.

 (./8-Review.tex [60



]
Kapitulua 6.

Overfull \hbox (21.73807pt too wide) in paragraph at lines 18--19
[]\T1/ptm/m/it/12 Paris Ob-ser-va-tory, IN-POP (Int-gra-teur N-me-ri-que Plan
-tai-re de l'Observatoire
 []

[61]) [62] [63


] [64]
\openout2 = `7-IRKPuntuFinkoa.aux'.

 (./7-IRKPuntuFinkoa.tex
Kapitulua 7.

Overfull \hbox (2.8039pt too wide) in paragraph at lines 5--7
\T1/ptm/m/it/12 higikorrezko arit-me-ti-ka-re-kin lan egi-ten da eta be-raz, pr
ak-ti-kan era-bil-tzai-leak ekua-
 []


Overfull \hbox (2.8514pt too wide) in paragraph at lines 17--18
[]\T1/ptm/m/it/12 Puntu-finkoaren ge-ra-tze iriz-pi-de es-tan-da-rra de-la eta,
 urrats ba-koi-tzean erro-
 []

[65


]
Overfull \hbox (31.51955pt too wide) in paragraph at lines 23--24
[]\T1/ptm/m/it/12 Doitasun han-dia-go-ko koe-fi-zien-teak era-bi-li, haue-ta-ko
 ba-koi-tza bi koma-higikorreko
 []

[66]
Underfull \hbox (badness 10000) in paragraph at lines 104--105

 []

[67]
Underfull \hbox (badness 10000) in paragraph at lines 117--118

 []

[68]

LaTeX Warning: `h' float specifier changed to `ht'.

[69]
Underfull \hbox (badness 10000) in paragraph at lines 207--208

 []

LaTeX Font Info:    Try loading font information for T1+pcr on input line 216.
(/usr/share/texlive/texmf-dist/tex/latex/psnfss/t1pcr.fd
File: t1pcr.fd 2001/06/04 font definitions for T1/pcr.
) [70]
Overfull \hbox (12.1626pt too wide) in paragraph at lines 228--229
[]\T1/ptm/m/it/12 Biribiltze erro-rea-ren es-ti-ma-zioa, zen-ba-kiz-ko so-lu-zi
o na-gu-sia-ren $\OT1/cmr/m/n/12 (\OML/cmm/m/it/12 y[] \OT1/cmr/m/n/12 + \OML/c
mm/m/it/12 e[]\OT1/cmr/m/n/12 )$
 []


LaTeX Warning: `h' float specifier changed to `ht'.

<images/Interpolazioa.png, id=1175, 653.44125pt x 223.83624pt>
File: images/Interpolazioa.png Graphic file (type png)

<use images/Interpolazioa.png>
Package pdftex.def Info: images/Interpolazioa.png used on input line 265.
(pdftex.def)             Requested size: 341.42659pt x 113.81342pt.
 [71 <./images/Interpolazioa.png>] [72]
Underfull \vbox (badness 10000) has occurred while \output is active []

 [73]
[74]
Underfull \hbox (badness 10000) in paragraph at lines 393--394

 []

[75]
Underfull \hbox (badness 10000) in paragraph at lines 440--441

 []


Underfull \hbox (badness 10000) in paragraph at lines 448--449

 []


LaTeX Warning: Citation `Brouwer1937' on page lxxvi undefined on input line 466
.


LaTeX Warning: Citation `Brouwer1937' on page lxxvi undefined on input line 468
.

[76] <images/plot3a.pdf, id=1235, 361.35pt x 220.825pt>
File: images/plot3a.pdf Graphic file (type pdf)

<use images/plot3a.pdf>
Package pdftex.def Info: images/plot3a.pdf used on input line 513.
(pdftex.def)             Requested size: 195.0pt x 119.16621pt.
 <images/plot3b.pdf, id=1236, 361.35pt x 234.8775pt>
File: images/plot3b.pdf Graphic file (type pdf)

<use images/plot3b.pdf>
Package pdftex.def Info: images/plot3b.pdf used on input line 516.
(pdftex.def)             Requested size: 195.0pt x 126.74953pt.

Overfull \hbox (12.0pt too wide) in paragraph at lines 513--517
 [][][][] 
 []

<images/plot3c.pdf, id=1237, 361.35pt x 216.81pt>
File: images/plot3c.pdf Graphic file (type pdf)
 <use images/plot3c.pdf>
Package pdftex.def Info: images/plot3c.pdf used on input line 520.
(pdftex.def)             Requested size: 195.0pt x 116.99956pt.

<images/plot3d.pdf, id=1238, 361.35pt x 231.86626pt>
File: images/plot3d.pdf Graphic file (type pdf)
 <use images/plot3d.pdf>
Package pdftex.def Info: images/plot3d.pdf used on input line 523.
(pdftex.def)             Requested size: 195.0pt x 125.12453pt.

Overfull \hbox (12.0pt too wide) in paragraph at lines 520--524
 [][][][] 
 []


LaTeX Warning: `h' float specifier changed to `ht'.

<images/brouwer4a.pdf, id=1239, 361.35pt x 225.84375pt>
File: images/brouwer4a.pdf Graphic file (type pdf)

<use images/brouwer4a.pdf>
Package pdftex.def Info: images/brouwer4a.pdf used on input line 535.
(pdftex.def)             Requested size: 175.49881pt x 109.6857pt.

<images/brouwer4b.pdf, id=1240, 361.35pt x 227.85126pt>
File: images/brouwer4b.pdf Graphic file (type pdf)

<use images/brouwer4b.pdf>
Package pdftex.def Info: images/brouwer4b.pdf used on input line 538.
(pdftex.def)             Requested size: 175.49881pt x 110.66069pt.

<images/brouwer4c.pdf, id=1241, 361.35pt x 222.8325pt>
File: images/brouwer4c.pdf Graphic file (type pdf)

<use images/brouwer4c.pdf>
Package pdftex.def Info: images/brouwer4c.pdf used on input line 542.
(pdftex.def)             Requested size: 175.49881pt x 108.22324pt.

<images/brouwer4d.pdf, id=1242, 361.35pt x 228.855pt>
File: images/brouwer4d.pdf Graphic file (type pdf)

<use images/brouwer4d.pdf>
Package pdftex.def Info: images/brouwer4d.pdf used on input line 545.
(pdftex.def)             Requested size: 175.49881pt x 111.14818pt.
 [77]

LaTeX Warning: `h' float specifier changed to `ht'.

<images/plot5a.pdf, id=1248, 361.35pt x 231.86626pt>
File: images/plot5a.pdf Graphic file (type pdf)
 <use images/plot5a.pdf>
Package pdftex.def Info: images/plot5a.pdf used on input line 557.
(pdftex.def)             Requested size: 195.0pt x 125.12453pt.

<images/plot5b.pdf, id=1249, 361.35pt x 240.9pt>
File: images/plot5b.pdf Graphic file (type pdf)
 <use images/plot5b.pdf>
Package pdftex.def Info: images/plot5b.pdf used on input line 560.
(pdftex.def)             Requested size: 195.0pt x 129.99951pt.

Overfull \hbox (12.0pt too wide) in paragraph at lines 557--561
 [][][][] 
 []

<images/plot5c.pdf, id=1250, 361.35pt x 231.86626pt>
File: images/plot5c.pdf Graphic file (type pdf)
 <use images/plot5c.pdf>
Package pdftex.def Info: images/plot5c.pdf used on input line 564.
(pdftex.def)             Requested size: 195.0pt x 125.12453pt.

<images/plot5d.pdf, id=1251, 361.35pt x 240.9pt>
File: images/plot5d.pdf Graphic file (type pdf)
 <use images/plot5d.pdf>
Package pdftex.def Info: images/plot5d.pdf used on input line 567.
(pdftex.def)             Requested size: 195.0pt x 129.99951pt.

Overfull \hbox (12.0pt too wide) in paragraph at lines 564--568
 [][][][] 
 []


LaTeX Warning: `h' float specifier changed to `ht'.

<images/plot6a.pdf, id=1254, 361.35pt x 222.8325pt>
File: images/plot6a.pdf Graphic file (type pdf)
 <use images/plot6a.pdf>
Package pdftex.def Info: images/plot6a.pdf used on input line 580.
(pdftex.def)             Requested size: 195.0pt x 120.24954pt.

<images/plot6b.pdf, id=1255, 361.35pt x 228.855pt>
File: images/plot6b.pdf Graphic file (type pdf)
 <use images/plot6b.pdf>
Package pdftex.def Info: images/plot6b.pdf used on input line 583.
(pdftex.def)             Requested size: 195.0pt x 123.49953pt.

Overfull \hbox (12.0pt too wide) in paragraph at lines 580--584
 [][][][] 
 []


LaTeX Warning: `h' float specifier changed to `ht'.

<images/plot7a.pdf, id=1256, 361.35pt x 233.87375pt>
File: images/plot7a.pdf Graphic file (type pdf)
 <use images/plot7a.pdf>
Package pdftex.def Info: images/plot7a.pdf used on input line 592.
(pdftex.def)             Requested size: 195.0pt x 126.20784pt.

<images/plot7b.pdf, id=1257, 361.35pt x 238.8925pt>
File: images/plot7b.pdf Graphic file (type pdf)
 <use images/plot7b.pdf>
Package pdftex.def Info: images/plot7b.pdf used on input line 595.
(pdftex.def)             Requested size: 195.0pt x 128.91618pt.

Overfull \hbox (12.0pt too wide) in paragraph at lines 592--596
 [][][][] 
 []


LaTeX Warning: `h' float specifier changed to `ht'.

) [78 <./images/plot3a.pdf> <./images/plot3b.pdf

pdfTeX warning: pdflatex (file ./images/plot3b.pdf): PDF inclusion: multiple pd
fs with page group included in a single page
> <./images/plot3c.pdf

pdfTeX warning: pdflatex (file ./images/plot3c.pdf): PDF inclusion: multiple pd
fs with page group included in a single page
> <./images/plot3d.pdf

pdfTeX warning: pdflatex (file ./images/plot3d.pdf): PDF inclusion: multiple pd
fs with page group included in a single page
>] [79 <./images/brouwer4a.pdf> <./images/brouwer4b.pdf

pdfTeX warning: pdflatex (file ./images/brouwer4b.pdf): PDF inclusion: multiple
 pdfs with page group included in a single page
> <./images/brouwer4c.pdf

pdfTeX warning: pdflatex (file ./images/brouwer4c.pdf): PDF inclusion: multiple
 pdfs with page group included in a single page
> <./images/brouwer4d.pdf

pdfTeX warning: pdflatex (file ./images/brouwer4d.pdf): PDF inclusion: multiple
 pdfs with page group included in a single page
>] [80 <./images/plot5a.pdf> <./images/plot5b.pdf

pdfTeX warning: pdflatex (file ./images/plot5b.pdf): PDF inclusion: multiple pd
fs with page group included in a single page
> <./images/plot5c.pdf

pdfTeX warning: pdflatex (file ./images/plot5c.pdf): PDF inclusion: multiple pd
fs with page group included in a single page
> <./images/plot5d.pdf

pdfTeX warning: pdflatex (file ./images/plot5d.pdf): PDF inclusion: multiple pd
fs with page group included in a single page
> <./images/plot6a.pdf

pdfTeX warning: pdflatex (file ./images/plot6a.pdf): PDF inclusion: multiple pd
fs with page group included in a single page
> <./images/plot6b.pdf

pdfTeX warning: pdflatex (file ./images/plot6b.pdf): PDF inclusion: multiple pd
fs with page group included in a single page
>] [81 <./images/plot7a.pdf> <./images/plot7b.pdf

pdfTeX warning: pdflatex (file ./images/plot7b.pdf): PDF inclusion: multiple pd
fs with page group included in a single page
>]
\openout2 = `9-IRKNewton.aux'.

 (./9-IRKNewton.tex [82



]
Kapitulua 8.
) [83]
\openout2 = `10-IRKEguzkiSistema.aux'.

 (./10-IRKEguzkiSistema.tex [84



]
Kapitulua 9.
[85] [86]
Overfull \hbox (11.69234pt too wide) in paragraph at lines 113--114
[]\T1/ptm/m/it/12 s-ataleko IRK me-to-doa-ren ite-ra-zio ba-koi-tzean, ($\OML/c
mm/m/it/12 s \OMS/cmsy/m/n/12 ^^C \OML/cmm/m/it/12 d$\T1/ptm/m/it/12 ) eze-za-g
u-ne-ta-ko ($\OML/cmm/m/it/12 Y[]$\T1/ptm/m/it/12 ) ekuazio-
 []

[87] [88]
Overfull \hbox (29.3747pt too wide) in paragraph at lines 233--246
$[]$ 
 []


Underfull \vbox (badness 10000) has occurred while \output is active []

 [89]
Overfull \hbox (15.79935pt too wide) in paragraph at lines 268--269
\T1/ptm/m/it/12 ra-zioak mo-du in-de-pen-den-tean kal-ku-la dai-tez-ke. N-gorpu
tzen eguzki-sistemaren
 []

[90] [91]) [92] [93


] [94]
\openout2 = `A-Eranskinak.aux'.

 (./A-Eranskinak.tex
Kapitulua 10.

Overfull \hbox (20.63605pt too wide) detected at line 17
\OML/cmm/m/it/12 E[] \OMS/cmsy/m/n/12 ^^@ \OML/cmm/m/it/12 E[] \OMS/cmsy/m/n/12
 ^^@ \OML/cmm/m/it/12 e\OT1/cmr/m/n/12 ([](\OML/cmm/m/it/12 E[]\OT1/cmr/m/n/12 
) \OMS/cmsy/m/n/12 ^^@ []\OT1/cmr/m/n/12 (\OML/cmm/m/it/12 E[]\OT1/cmr/m/n/12 )
) = \OML/cmm/m/it/12 n\OMS/cmsy/m/n/12 4\OML/cmm/m/it/12 t    [][]\OMS/cmsy/m/n
/12 !  4\OML/cmm/m/it/12 E \OMS/cmsy/m/n/12 ^^@ \OML/cmm/m/it/12 e\OT1/cmr/m/n/
12 ([](\OML/cmm/m/it/12 E[] \OT1/cmr/m/n/12 + \OMS/cmsy/m/n/12 4\OML/cmm/m/it/1
2 E\OT1/cmr/m/n/12 ) \OMS/cmsy/m/n/12 ^^@ []\OT1/cmr/m/n/12 (\OML/cmm/m/it/12 E
[]\OT1/cmr/m/n/12 )) = \OML/cmm/m/it/12 n\OMS/cmsy/m/n/12 4\OML/cmm/m/it/12 t
 []

[95


]
Overfull \hbox (24.13959pt too wide) detected at line 62
\OML/cmm/m/it/12 x \OMS/cmsy/m/n/12 ^^@ \OT1/cmr/m/n/12 (\OML/cmm/m/it/12 se  [
]\OT1/cmr/m/n/12 (\OML/cmm/m/it/12 n\OMS/cmsy/m/n/12 4\OML/cmm/m/it/12 t\OT1/cm
r/m/n/12 ) + \OML/cmm/m/it/12 ce  []\OT1/cmr/m/n/12 (\OML/cmm/m/it/12 n\OMS/cms
y/m/n/12 4\OML/cmm/m/it/12 t\OT1/cmr/m/n/12 )) [](\OML/cmm/m/it/12 x\OT1/cmr/m/
n/12 ) + (\OML/cmm/m/it/12 se  []\OT1/cmr/m/n/12 (\OML/cmm/m/it/12 n\OMS/cmsy/m
/n/12 4\OML/cmm/m/it/12 t\OT1/cmr/m/n/12 ) \OMS/cmsy/m/n/12 ^^@ \OML/cmm/m/it/1
2 ce  []\OT1/cmr/m/n/12 (\OML/cmm/m/it/12 n\OMS/cmsy/m/n/12 4\OML/cmm/m/it/12 t
\OT1/cmr/m/n/12 )) [](\OML/cmm/m/it/12 x\OT1/cmr/m/n/12 ) + \OML/cmm/m/it/12 se
 \OT1/cmr/m/n/12 = 0
 []

[96]) [97] (./1-Nagusia.bbl [98


] [99] [100])
Package atveryend Info: Empty hook `BeforeClearDocument' on input line 93.
 [101]
Package atveryend Info: Empty hook `AfterLastShipout' on input line 93.
 (./1-Nagusia.aux
(./titlepage.aux) (./2-Sarrera.aux) (./3-MetodoSinplektikoak.aux)
(./4-Problemak.aux) (./5-KomaHigikorra.aux) (./6-ScientificComputing.aux)
(./8-Review.aux) (./7-IRKPuntuFinkoa.aux) (./9-IRKNewton.aux)
(./10-IRKEguzkiSistema.aux) (./A-Eranskinak.aux))
Package atveryend Info: Executing hook `AtVeryEndDocument' on input line 93.
Package atveryend Info: Executing hook `AtEndAfterFileList' on input line 93.
Package rerunfilecheck Info: File `1-Nagusia.out' has not changed.
(rerunfilecheck)             Checksum: 7669CD6AD39EE96105D6CC85A56AD30E;4859.


LaTeX Warning: There were undefined references.


LaTeX Warning: There were multiply-defined labels.

Package atveryend Info: Empty hook `AtVeryVeryEnd' on input line 93.
 ) 
Here is how much of TeX's memory you used:
 22425 strings out of 493304
 371183 string characters out of 6139871
 610571 words of memory out of 5000000
 24790 multiletter control sequences out of 15000+600000
 59851 words of font info for 82 fonts, out of 8000000 for 9000
 957 hyphenation exceptions out of 8191
 56i,21n,62p,978b,3827s stack positions out of 5000i,500n,10000p,200000b,80000s
{/usr/share/texlive/texmf-dist/fonts/enc/dvips/base/8r.enc}</usr/share/texliv
e/texmf-dist/fonts/type1/public/amsfonts/cm/cmbx12.pfb></usr/share/texlive/texm
f-dist/fonts/type1/public/amsfonts/cm/cmbx8.pfb></usr/share/texlive/texmf-dist/
fonts/type1/public/amsfonts/cm/cmex10.pfb></usr/share/texlive/texmf-dist/fonts/
type1/public/amsfonts/cm/cmmi10.pfb></usr/share/texlive/texmf-dist/fonts/type1/
public/amsfonts/cm/cmmi12.pfb></usr/share/texlive/texmf-dist/fonts/type1/public
/amsfonts/cm/cmmi6.pfb></usr/share/texlive/texmf-dist/fonts/type1/public/amsfon
ts/cm/cmmi8.pfb></usr/share/texlive/texmf-dist/fonts/type1/public/amsfonts/cm/c
mr10.pfb></usr/share/texlive/texmf-dist/fonts/type1/public/amsfonts/cm/cmr12.pf
b></usr/share/texlive/texmf-dist/fonts/type1/public/amsfonts/cm/cmr6.pfb></usr/
share/texlive/texmf-dist/fonts/type1/public/amsfonts/cm/cmr8.pfb></usr/share/te
xlive/texmf-dist/fonts/type1/public/amsfonts/cm/cmsy10.pfb></usr/share/texlive/
texmf-dist/fonts/type1/public/amsfonts/cm/cmsy6.pfb></usr/share/texlive/texmf-d
ist/fonts/type1/public/amsfonts/cm/cmsy8.pfb></usr/share/texmf/fonts/type1/publ
ic/lm/lmr10.pfb></usr/share/texlive/texmf-dist/fonts/type1/public/amsfonts/symb
ols/msam10.pfb></usr/share/texlive/texmf-dist/fonts/type1/public/amsfonts/symbo
ls/msbm10.pfb></usr/share/texlive/texmf-dist/fonts/type1/urw/courier/ucrr8a.pfb
></usr/share/texlive/texmf-dist/fonts/type1/urw/times/utmb8a.pfb></usr/share/te
xlive/texmf-dist/fonts/type1/urw/times/utmbi8a.pfb></usr/share/texlive/texmf-di
st/fonts/type1/urw/times/utmr8a.pfb></usr/share/texlive/texmf-dist/fonts/type1/
urw/times/utmr8a.pfb></usr/share/texlive/texmf-dist/fonts/type1/urw/times/utmri
8a.pfb>
Output written on 1-Nagusia.pdf (100 pages, 1873642 bytes).
PDF statistics:
 1862 PDF objects out of 2073 (max. 8388607)
 1600 compressed objects within 16 object streams
 606 named destinations out of 1000 (max. 500000)
 760 words of extra memory for PDF output out of 10000 (max. 10000000)

